# JRE version: OpenJDK Runtime Environment (8.0_144-b01) (build 1.8.0_144-b01)
# Java VM: OpenJDK 64-Bit Server VM (25.144-b01 mixed mode linux-amd64 compressed oops)
Heap:
 garbage-first heap   total 204800K, used 25926K [0x00000000e0000000, 0x00000000e0100640, 0x0000000100000000)
  region size 1024K, 1 young (1024K), 1 survivors (1024K)
 Metaspace       used 21411K, capacity 21588K, committed 21760K, reserved 1069056K
  class space    used 2880K, capacity 2950K, committed 3072K, reserved 1048576K
GC Heap History (10 events):
Event: 22,446 GC heap after
Heap after GC invocations=53 (full 0):
 garbage-first heap   total 124928K, used 25928K [0x00000000e0000000, 0x00000000e01003d0, 0x0000000100000000)
  region size 1024K, 1 young (1024K), 1 survivors (1024K)
 Metaspace       used 21411K, capacity 21588K, committed 21760K, reserved 1069056K
  class space    used 2880K, capacity 2950K, committed 3072K, reserved 1048576K
}
Event: 22,572 GC heap before
{Heap before GC invocations=53 (full 0):
 garbage-first heap   total 124928K, used 31048K [0x00000000e0000000, 0x00000000e01003d0, 0x0000000100000000)
  region size 1024K, 6 young (6144K), 1 survivors (1024K)
 Metaspace       used 21411K, capacity 21588K, committed 21760K, reserved 1069056K
  class space    used 2880K, capacity 2950K, committed 3072K, reserved 1048576K
Event: 22,705 GC heap after
Heap after GC invocations=54 (full 0):
 garbage-first heap   total 124928K, used 25926K [0x00000000e0000000, 0x00000000e01003d0, 0x0000000100000000)
  region size 1024K, 1 young (1024K), 1 survivors (1024K)
 Metaspace       used 21411K, capacity 21588K, committed 21760K, reserved 1069056K
  class space    used 2880K, capacity 2950K, committed 3072K, reserved 1048576K
}
Event: 22,761 GC heap before
{Heap before GC invocations=54 (full 0):
 garbage-first heap   total 124928K, used 31046K [0x00000000e0000000, 0x00000000e01003d0, 0x0000000100000000)
  region size 1024K, 6 young (6144K), 1 survivors (1024K)
 Metaspace       used 21411K, capacity 21588K, committed 21760K, reserved 1069056K
  class space    used 2880K, capacity 2950K, committed 3072K, reserved 1048576K
Event: 22,831 GC heap after
Heap after GC invocations=55 (full 0):
 garbage-first heap   total 124928K, used 25926K [0x00000000e0000000, 0x00000000e01003d0, 0x0000000100000000)
  region size 1024K, 1 young (1024K), 1 survivors (1024K)
 Metaspace       used 21411K, capacity 21588K, committed 21760K, reserved 1069056K
  class space    used 2880K, capacity 2950K, committed 3072K, reserved 1048576K
}
Event: 22,978 GC heap before
{Heap before GC invocations=55 (full 0):
 garbage-first heap   total 124928K, used 31046K [0x00000000e0000000, 0x00000000e01003d0, 0x0000000100000000)
  region size 1024K, 6 young (6144K), 1 survivors (1024K)
 Metaspace       used 21411K, capacity 21588K, committed 21760K, reserved 1069056K
  class space    used 2880K, capacity 2950K, committed 3072K, reserved 1048576K
Event: 23,074 GC heap after
Heap after GC invocations=56 (full 0):
 garbage-first heap   total 124928K, used 25928K [0x00000000e0000000, 0x00000000e01003d0, 0x0000000100000000)
  region size 1024K, 1 young (1024K), 1 survivors (1024K)
 Metaspace       used 21411K, capacity 21588K, committed 21760K, reserved 1069056K
  class space    used 2880K, capacity 2950K, committed 3072K, reserved 1048576K
}
Event: 23,305 GC heap before
{Heap before GC invocations=56 (full 0):
 garbage-first heap   total 124928K, used 31048K [0x00000000e0000000, 0x00000000e01003d0, 0x0000000100000000)
  region size 1024K, 6 young (6144K), 1 survivors (1024K)
 Metaspace       used 21411K, capacity 21588K, committed 21760K, reserved 1069056K
  class space    used 2880K, capacity 2950K, committed 3072K, reserved 1048576K
Event: 24,915 GC heap after
Heap after GC invocations=57 (full 0):
 garbage-first heap   total 124928K, used 25926K [0x00000000e0000000, 0x00000000e01003d0, 0x0000000100000000)
  region size 1024K, 1 young (1024K), 1 survivors (1024K)
 Metaspace       used 21411K, capacity 21588K, committed 21760K, reserved 1069056K
  class space    used 2880K, capacity 2950K, committed 3072K, reserved 1048576K
}
Event: 27,298 GC heap before
{Heap before GC invocations=57 (full 0):
 garbage-first heap   total 124928K, used 31046K [0x00000000e0000000, 0x00000000e01003d0, 0x0000000100000000)
  region size 1024K, 6 young (6144K), 1 survivors (1024K)
 Metaspace       used 21411K, capacity 21588K, committed 21760K, reserved 1069056K
  class space    used 2880K, capacity 2950K, committed 3072K, reserved 1048576K

